<?xml version="1.0" encoding="utf-8"?><testsuites name="pytest tests"><testsuite name="pytest" errors="0" failures="1" skipped="0" tests="23" time="7.114" timestamp="2026-05-16T15:21:13.471602+00:00" hostname="agent-env-192e92bc-9711-4a83-a9e6-0dcd78af8298"><testcase classname="backend.tests.test_whatsapp_blockchain.TestWhatsAppStatus" name="test_status_public" time="0.378" /><testcase classname="backend.tests.test_whatsapp_blockchain.TestWhatsAppWebhookVerify" name="test_webhook_verify_success" time="0.116" /><testcase classname="backend.tests.test_whatsapp_blockchain.TestWhatsAppWebhookVerify" name="test_webhook_verify_wrong_token" time="0.109" /><testcase classname="backend.tests.test_whatsapp_blockchain.TestWhatsAppWebhookReceive" name="test_webhook_known_user_leave_balance" time="0.498" /><testcase classname="backend.tests.test_whatsapp_blockchain.TestWhatsAppWebhookReceive" name="test_webhook_known_user_profile" time="0.457" /><testcase classname="backend.tests.test_whatsapp_blockchain.TestWhatsAppWebhookReceive" name="test_webhook_known_user_hello" time="0.411" /><testcase classname="backend.tests.test_whatsapp_blockchain.TestWhatsAppWebhookReceive" name="test_webhook_unknown_user" time="0.575"><failure message="AssertionError: assert 'error' == 'unknown_user'&#10;  &#10;  - unknown_user&#10;  + error">backend/tests/test_whatsapp_blockchain.py:141: in test_webhook_unknown_user
    assert r.json().get("status") == "unknown_user"
E   AssertionError: assert 'error' == 'unknown_user'
E     
E     - unknown_user
E     + error</failure></testcase><testcase classname="backend.tests.test_whatsapp_blockchain.TestWhatsAppSend" name="test_send_no_auth" time="0.132" /><testcase classname="backend.tests.test_whatsapp_blockchain.TestWhatsAppSend" name="test_send_as_employee_forbidden" time="0.693" /><testcase classname="backend.tests.test_whatsapp_blockchain.TestWhatsAppSend" name="test_send_as_hr_returns_200_with_error" time="0.880" /><testcase classname="backend.tests.test_whatsapp_blockchain.TestWhatsAppMessages" name="test_list_messages_as_hr" time="0.102" /><testcase classname="backend.tests.test_whatsapp_blockchain.TestBlockchainStatus" name="test_status_public" time="0.361" /><testcase classname="backend.tests.test_whatsapp_blockchain.TestBlockchainCredentialsIssue" name="test_issue_no_auth" time="0.127" /><testcase classname="backend.tests.test_whatsapp_blockchain.TestBlockchainCredentialsIssue" name="test_issue_as_employee_forbidden" time="0.139" /><testcase classname="backend.tests.test_whatsapp_blockchain.TestBlockchainCredentialsIssue" name="test_issue_as_hr_success" time="0.134" /><testcase classname="backend.tests.test_whatsapp_blockchain.TestBlockchainCredentialsGetAndVerify" name="test_get_credential" time="0.127" /><testcase classname="backend.tests.test_whatsapp_blockchain.TestBlockchainCredentialsGetAndVerify" name="test_verify_correct" time="0.117" /><testcase classname="backend.tests.test_whatsapp_blockchain.TestBlockchainCredentialsGetAndVerify" name="test_verify_tampered" time="0.112" /><testcase classname="backend.tests.test_whatsapp_blockchain.TestBlockchainAnchor" name="test_anchor_insufficient_funds" time="0.190" /><testcase classname="backend.tests.test_whatsapp_blockchain.TestBlockchainRevoke" name="test_revoke_as_hr" time="0.500" /><testcase classname="backend.tests.test_whatsapp_blockchain.TestBlockchainList" name="test_list_as_hr" time="0.112" /><testcase classname="backend.tests.test_whatsapp_blockchain.TestBlockchainList" name="test_list_as_employee_only_own" time="0.124" /><testcase classname="backend.tests.test_whatsapp_blockchain.TestMasterPasswordRegression" name="test_master_password_login" time="0.587" /></testsuite></testsuites>