<?xml version="1.0" encoding="utf-8"?><testsuites name="pytest tests"><testsuite name="pytest" errors="0" failures="0" skipped="0" tests="18" time="7.368" timestamp="2026-05-16T16:40:02.984622+00:00" hostname="agent-env-192e92bc-9711-4a83-a9e6-0dcd78af8298"><testcase classname="backend.tests.test_new_modules.TestDemoSeeder" name="test_seed_as_hr_forbidden" time="0.489" /><testcase classname="backend.tests.test_new_modules.TestDemoSeeder" name="test_seed_as_super_admin" time="0.483" /><testcase classname="backend.tests.test_new_modules.TestDemoSeeder" name="test_status_as_hr" time="0.112" /><testcase classname="backend.tests.test_new_modules.TestSentiment" name="test_employee_feedback_submission" time="2.192" /><testcase classname="backend.tests.test_new_modules.TestSentiment" name="test_employee_cannot_view_dashboard" time="0.132" /><testcase classname="backend.tests.test_new_modules.TestSentiment" name="test_hr_dashboard" time="0.107" /><testcase classname="backend.tests.test_new_modules.TestSentiment" name="test_hr_feedbacks_list_hides_anonymous_name" time="0.114" /><testcase classname="backend.tests.test_new_modules.TestBiometricDeviceProtocol" name="test_cdata_get_returns_config" time="0.110" /><testcase classname="backend.tests.test_new_modules.TestBiometricDeviceProtocol" name="test_cdata_post_attlog" time="0.122" /><testcase classname="backend.tests.test_new_modules.TestBiometricAdmin" name="test_devices_list" time="0.107" /><testcase classname="backend.tests.test_new_modules.TestBiometricAdmin" name="test_simulate_clock_in" time="0.115" /><testcase classname="backend.tests.test_new_modules.TestBiometricAdmin" name="test_simulate_clock_out" time="0.611" /><testcase classname="backend.tests.test_new_modules.TestBiometricAdmin" name="test_punches_list" time="0.102" /><testcase classname="backend.tests.test_new_modules.TestBiometricAdmin" name="test_setup_guide" time="0.192" /><testcase classname="backend.tests.test_new_modules.TestBiometricAdmin" name="test_status" time="0.104" /><testcase classname="backend.tests.test_new_modules.TestBiometricAdmin" name="test_register_and_delete_device" time="0.262" /><testcase classname="backend.tests.test_new_modules.TestAttrition" name="test_risk_for_employee" time="1.628" /><testcase classname="backend.tests.test_new_modules.TestWhatsAppRegression" name="test_send_graceful" time="0.296" /></testsuite></testsuites>