<?xml version="1.0" encoding="utf-8"?><testsuites name="pytest tests"><testsuite name="pytest" errors="0" failures="0" skipped="0" tests="11" time="3.382" timestamp="2026-05-16T19:07:05.816893+00:00" hostname="agent-env-192e92bc-9711-4a83-a9e6-0dcd78af8298"><testcase classname="backend.tests.test_team_calendar.TestWhatsAppStatus" name="test_status_phone_number_id" time="0.624" /><testcase classname="backend.tests.test_team_calendar.TestWhatsAppStatus" name="test_send_graceful_failure" time="0.379" /><testcase classname="backend.tests.test_team_calendar.TestDemoSeederExtended" name="test_seed_includes_leaves_and_holidays" time="0.597" /><testcase classname="backend.tests.test_team_calendar.TestDemoSeederExtended" name="test_status_shows_leaves_and_holidays" time="0.108" /><testcase classname="backend.tests.test_team_calendar.TestDemoSeederExtended" name="test_delete_removes_leaves_and_holidays" time="0.296" /><testcase classname="backend.tests.test_team_calendar.TestTeamCalendar" name="test_calendar_default_range_hr" time="0.127" /><testcase classname="backend.tests.test_team_calendar.TestTeamCalendar" name="test_calendar_custom_range" time="0.152" /><testcase classname="backend.tests.test_team_calendar.TestTeamCalendar" name="test_calendar_unauthenticated_returns_401" time="0.124" /><testcase classname="backend.tests.test_team_calendar.TestTeamCalendar" name="test_calendar_employee_tenant_scoped" time="0.683" /><testcase classname="backend.tests.test_team_calendar.TestTeamCalendar" name="test_calendar_multiday_leaves_expanded_in_by_day" time="0.106" /><testcase classname="backend.tests.test_team_calendar.TestTeamCalendar" name="test_calendar_holidays_present" time="0.102" /></testsuite></testsuites>